INFO:     Will watch for changes in these directories: ['/Users/fuaadabdullah/ForgeMonorepo/apps/goblin-assistant']
INFO:     Uvicorn running on http://0.0.0.0:8000 (Press CTRL+C to quit)
INFO:     Started reloader process [81279] using WatchFiles
INFO:     Started server process [81376]
INFO:     Waiting for application startup.
Failed to initialize secrets adapter: Either VAULT_TOKEN or (VAULT_ROLE_ID and VAULT_SECRET_ID) must be provided
INFO:     Application startup complete.
✅ Sentry SDK initialized for error monitoring
No security configuration warnings detected.
🚀 Starting Goblin Assistant API...
📦 Initializing Redis cache...
✅ Redis cache initialized successfully
✅ Redis cache initialized
🗄️  Checking database availability...
✅ Database initialized
📊 Starting provider monitoring...
Provider monitor started
✅ Provider monitoring started
🔐 Initializing secrets adapter...
⚠️  Warning: Failed to initialize secrets adapter: Either VAULT_TOKEN or (VAULT_ROLE_ID and VAULT_SECRET_ID) must be provided
   Continuing startup without secrets management...
🎉 Goblin Assistant API startup complete!
INFO:     127.0.0.1:59803 - "GET /health HTTP/1.1" 200 OK
INFO:     127.0.0.1:59827 - "POST /chat/conversations HTTP/1.1" 200 OK
Classification: chat (confidence: 0.75) for message 0d8371f8-a3d8-40b1-a774-0138517a8424
2026-01-06 02:32:03 [info     ] Write-time decision made       actions=['cache'] confidence=0.75 message_type=chat user_id=None
2026-01-06 02:32:03 [info     ] Write-time decision logged     classified_type=chat discarded=False embedded=False message_id=0d8371f8-a3d8-40b1-a774-0138517a8424 reason_codes=['context_relevant'] summarized=False user_id=None
2026-01-06 02:32:03 [info     ] Cache service connected to Redis url=redis://localhost:6379/0
2026-01-06 02:32:03 [debug    ] Cache set                      key=message:0d8371f8-a3d8-40b1-a774-0138517a8424 ttl=300
2026-01-06 02:32:03 [info     ] Write-time processing completed actions_executed=['cache', 'store'] memory_promotions=0 message_id=0d8371f8-a3d8-40b1-a774-0138517a8424 message_type=chat
INFO:     127.0.0.1:59846 - "POST /chat/conversations/c6803102-5567-448b-8ce3-16f8105099ce/messages HTTP/1.1" 200 OK
WARNING:  WatchFiles detected changes in 'test_chat_direct.py'. Reloading...
INFO:     Shutting down
INFO:     Waiting for application shutdown.
INFO:     Application shutdown complete.
INFO:     Finished server process [81376]
INFO:     Started server process [83105]
INFO:     Waiting for application startup.
Failed to initialize secrets adapter: Either VAULT_TOKEN or (VAULT_ROLE_ID and VAULT_SECRET_ID) must be provided
INFO:     Application startup complete.
WARNING:  WatchFiles detected changes in 'test_chat_direct.py'. Reloading...
INFO:     Shutting down
INFO:     Waiting for application shutdown.
INFO:     Application shutdown complete.
INFO:     Finished server process [83105]
INFO:     Started server process [83209]
INFO:     Waiting for application startup.
Failed to initialize secrets adapter: Either VAULT_TOKEN or (VAULT_ROLE_ID and VAULT_SECRET_ID) must be provided
INFO:     Application startup complete.
✅ Sentry SDK initialized for error monitoring
No security configuration warnings detected.
🚀 Starting Goblin Assistant API...
📦 Initializing Redis cache...
✅ Redis cache initialized successfully
✅ Redis cache initialized
🗄️  Checking database availability...
✅ Database initialized
📊 Starting provider monitoring...
Provider monitor started
✅ Provider monitoring started
🔐 Initializing secrets adapter...
⚠️  Warning: Failed to initialize secrets adapter: Either VAULT_TOKEN or (VAULT_ROLE_ID and VAULT_SECRET_ID) must be provided
   Continuing startup without secrets management...
🎉 Goblin Assistant API startup complete!
INFO:     127.0.0.1:60360 - "GET /health HTTP/1.1" 200 OK
INFO:     127.0.0.1:60445 - "GET /health HTTP/1.1" 200 OK
INFO:     127.0.0.1:60691 - "GET /health HTTP/1.1" 200 OK
INFO:     127.0.0.1:60740 - "POST /chat/conversations HTTP/1.1" 200 OK
Classification: chat (confidence: 0.75) for message 3239cd4b-dfeb-4851-8b6e-6db7a5235d36
2026-01-06 02:46:12 [info     ] Write-time decision made       actions=['cache'] confidence=0.75 message_type=chat user_id=None
2026-01-06 02:46:12 [info     ] Write-time decision logged     classified_type=chat discarded=False embedded=False message_id=3239cd4b-dfeb-4851-8b6e-6db7a5235d36 reason_codes=['context_relevant'] summarized=False user_id=None
2026-01-06 02:46:12 [info     ] Cache service connected to Redis url=redis://localhost:6379/0
2026-01-06 02:46:12 [debug    ] Cache set                      key=message:3239cd4b-dfeb-4851-8b6e-6db7a5235d36 ttl=300
2026-01-06 02:46:12 [info     ] Write-time processing completed actions_executed=['cache', 'store'] memory_promotions=0 message_id=3239cd4b-dfeb-4851-8b6e-6db7a5235d36 message_type=chat
INFO:     127.0.0.1:60763 - "POST /chat/conversations/397fc684-02de-46d1-807e-d6bfcf9919b0/messages HTTP/1.1" 200 OK
WARNING:  WatchFiles detected changes in 'api/providers/dispatcher.py'. Reloading...
INFO:     Shutting down
INFO:     Waiting for application shutdown.
INFO:     Application shutdown complete.
INFO:     Finished server process [83209]
INFO:     Started server process [98843]
INFO:     Waiting for application startup.
Failed to initialize secrets adapter: Either VAULT_TOKEN or (VAULT_ROLE_ID and VAULT_SECRET_ID) must be provided
INFO:     Application startup complete.
✅ Sentry SDK initialized for error monitoring
No security configuration warnings detected.
🚀 Starting Goblin Assistant API...
📦 Initializing Redis cache...
✅ Redis cache initialized successfully
✅ Redis cache initialized
🗄️  Checking database availability...
✅ Database initialized
📊 Starting provider monitoring...
Provider monitor started
✅ Provider monitoring started
🔐 Initializing secrets adapter...
⚠️  Warning: Failed to initialize secrets adapter: Either VAULT_TOKEN or (VAULT_ROLE_ID and VAULT_SECRET_ID) must be provided
   Continuing startup without secrets management...
🎉 Goblin Assistant API startup complete!
INFO:     127.0.0.1:49840 - "OPTIONS /chat/stream HTTP/1.1" 400 Bad Request
WARNING:  WatchFiles detected changes in 'api/chat_router.py'. Reloading...
INFO:     Shutting down
INFO:     Waiting for application shutdown.
INFO:     Application shutdown complete.
INFO:     Finished server process [98843]
INFO:     Started server process [49945]
INFO:     Waiting for application startup.
Failed to initialize secrets adapter: Either VAULT_TOKEN or (VAULT_ROLE_ID and VAULT_SECRET_ID) must be provided
INFO:     Application startup complete.
INFO:     Shutting down
INFO:     Waiting for application shutdown.
INFO:     Application shutdown complete.
INFO:     Finished server process [49945]
INFO:     Stopping reloader process [81279]
